Analysis & Synthesis report for blinkenlights2
Thu Mar 17 14:45:54 2016
Quartus II 64-Bit Version 13.0.1 Build 232 06/12/2013 Service Pack 1 SJ Full Version


---------------------
; Table of Contents ;
---------------------
  1. Legal Notice
  2. Analysis & Synthesis Summary
  3. Analysis & Synthesis Settings
  4. Parallel Compilation
  5. Analysis & Synthesis IP Cores Summary
  6. Analysis & Synthesis Messages



----------------
; Legal Notice ;
----------------
Copyright (C) 1991-2013 Altera Corporation
Your use of Altera Corporation's design tools, logic functions 
and other software and tools, and its AMPP partner logic 
functions, and any output files from any of the foregoing 
(including device programming or simulation files), and any 
associated documentation or information are expressly subject 
to the terms and conditions of the Altera Program License 
Subscription Agreement, Altera MegaCore Function License 
Agreement, or other applicable license agreement, including, 
without limitation, that your use is for the sole purpose of 
programming logic devices manufactured by Altera and sold by 
Altera or its authorized distributors.  Please refer to the 
applicable agreement for further details.



+---------------------------------------------------------------------------------------+
; Analysis & Synthesis Summary                                                          ;
+------------------------------------+--------------------------------------------------+
; Analysis & Synthesis Status        ; Failed - Thu Mar 17 14:45:53 2016                ;
; Quartus II 64-Bit Version          ; 13.0.1 Build 232 06/12/2013 SP 1 SJ Full Version ;
; Revision Name                      ; blinkenlights2                                   ;
; Top-level Entity Name              ; blinkelights2                                    ;
; Family                             ; Cyclone III                                      ;
; Total logic elements               ; N/A until Partition Merge                        ;
;     Total combinational functions  ; N/A until Partition Merge                        ;
;     Dedicated logic registers      ; N/A until Partition Merge                        ;
; Total registers                    ; N/A until Partition Merge                        ;
; Total pins                         ; N/A until Partition Merge                        ;
; Total virtual pins                 ; N/A until Partition Merge                        ;
; Total memory bits                  ; N/A until Partition Merge                        ;
; Embedded Multiplier 9-bit elements ; N/A until Partition Merge                        ;
; Total PLLs                         ; N/A until Partition Merge                        ;
+------------------------------------+--------------------------------------------------+


+----------------------------------------------------------------------------------------------------------------------+
; Analysis & Synthesis Settings                                                                                        ;
+----------------------------------------------------------------------------+--------------------+--------------------+
; Option                                                                     ; Setting            ; Default Value      ;
+----------------------------------------------------------------------------+--------------------+--------------------+
; Device                                                                     ; EP3C16F484C6       ;                    ;
; Top-level entity name                                                      ; blinkelights2      ; blinkenlights2     ;
; Family name                                                                ; Cyclone III        ; Cyclone IV GX      ;
; Use smart compilation                                                      ; Off                ; Off                ;
; Enable parallel Assembler and TimeQuest Timing Analyzer during compilation ; On                 ; On                 ;
; Enable compact report table                                                ; Off                ; Off                ;
; Restructure Multiplexers                                                   ; Auto               ; Auto               ;
; Create Debugging Nodes for IP Cores                                        ; Off                ; Off                ;
; Preserve fewer node names                                                  ; On                 ; On                 ;
; Disable OpenCore Plus hardware evaluation                                  ; Off                ; Off                ;
; Verilog Version                                                            ; Verilog_2001       ; Verilog_2001       ;
; VHDL Version                                                               ; VHDL_1993          ; VHDL_1993          ;
; State Machine Processing                                                   ; Auto               ; Auto               ;
; Safe State Machine                                                         ; Off                ; Off                ;
; Extract Verilog State Machines                                             ; On                 ; On                 ;
; Extract VHDL State Machines                                                ; On                 ; On                 ;
; Ignore Verilog initial constructs                                          ; Off                ; Off                ;
; Iteration limit for constant Verilog loops                                 ; 5000               ; 5000               ;
; Iteration limit for non-constant Verilog loops                             ; 250                ; 250                ;
; Add Pass-Through Logic to Inferred RAMs                                    ; On                 ; On                 ;
; Infer RAMs from Raw Logic                                                  ; On                 ; On                 ;
; Parallel Synthesis                                                         ; On                 ; On                 ;
; DSP Block Balancing                                                        ; Auto               ; Auto               ;
; NOT Gate Push-Back                                                         ; On                 ; On                 ;
; Power-Up Don't Care                                                        ; On                 ; On                 ;
; Remove Redundant Logic Cells                                               ; Off                ; Off                ;
; Remove Duplicate Registers                                                 ; On                 ; On                 ;
; Ignore CARRY Buffers                                                       ; Off                ; Off                ;
; Ignore CASCADE Buffers                                                     ; Off                ; Off                ;
; Ignore GLOBAL Buffers                                                      ; Off                ; Off                ;
; Ignore ROW GLOBAL Buffers                                                  ; Off                ; Off                ;
; Ignore LCELL Buffers                                                       ; Off                ; Off                ;
; Ignore SOFT Buffers                                                        ; On                 ; On                 ;
; Limit AHDL Integers to 32 Bits                                             ; Off                ; Off                ;
; Optimization Technique                                                     ; Balanced           ; Balanced           ;
; Carry Chain Length                                                         ; 70                 ; 70                 ;
; Auto Carry Chains                                                          ; On                 ; On                 ;
; Auto Open-Drain Pins                                                       ; On                 ; On                 ;
; Perform WYSIWYG Primitive Resynthesis                                      ; Off                ; Off                ;
; Auto ROM Replacement                                                       ; On                 ; On                 ;
; Auto RAM Replacement                                                       ; On                 ; On                 ;
; Auto DSP Block Replacement                                                 ; On                 ; On                 ;
; Auto Shift Register Replacement                                            ; Auto               ; Auto               ;
; Allow Shift Register Merging across Hierarchies                            ; Auto               ; Auto               ;
; Auto Clock Enable Replacement                                              ; On                 ; On                 ;
; Strict RAM Replacement                                                     ; Off                ; Off                ;
; Allow Synchronous Control Signals                                          ; On                 ; On                 ;
; Force Use of Synchronous Clear Signals                                     ; Off                ; Off                ;
; Auto RAM Block Balancing                                                   ; On                 ; On                 ;
; Auto RAM to Logic Cell Conversion                                          ; Off                ; Off                ;
; Auto Resource Sharing                                                      ; Off                ; Off                ;
; Allow Any RAM Size For Recognition                                         ; Off                ; Off                ;
; Allow Any ROM Size For Recognition                                         ; Off                ; Off                ;
; Allow Any Shift Register Size For Recognition                              ; Off                ; Off                ;
; Use LogicLock Constraints during Resource Balancing                        ; On                 ; On                 ;
; Ignore translate_off and synthesis_off directives                          ; Off                ; Off                ;
; Timing-Driven Synthesis                                                    ; On                 ; On                 ;
; Report Parameter Settings                                                  ; On                 ; On                 ;
; Report Source Assignments                                                  ; On                 ; On                 ;
; Report Connectivity Checks                                                 ; On                 ; On                 ;
; Ignore Maximum Fan-Out Assignments                                         ; Off                ; Off                ;
; Synchronization Register Chain Length                                      ; 2                  ; 2                  ;
; PowerPlay Power Optimization                                               ; Normal compilation ; Normal compilation ;
; HDL message level                                                          ; Level2             ; Level2             ;
; Suppress Register Optimization Related Messages                            ; Off                ; Off                ;
; Number of Removed Registers Reported in Synthesis Report                   ; 5000               ; 5000               ;
; Number of Swept Nodes Reported in Synthesis Report                         ; 5000               ; 5000               ;
; Number of Inverted Registers Reported in Synthesis Report                  ; 100                ; 100                ;
; Clock MUX Protection                                                       ; On                 ; On                 ;
; Auto Gated Clock Conversion                                                ; Off                ; Off                ;
; Block Design Naming                                                        ; Auto               ; Auto               ;
; SDC constraint protection                                                  ; Off                ; Off                ;
; Synthesis Effort                                                           ; Auto               ; Auto               ;
; Shift Register Replacement - Allow Asynchronous Clear Signal               ; On                 ; On                 ;
; Pre-Mapping Resynthesis Optimization                                       ; Off                ; Off                ;
; Analysis & Synthesis Message Level                                         ; Medium             ; Medium             ;
; Disable Register Merging Across Hierarchies                                ; Auto               ; Auto               ;
; Resource Aware Inference For Block RAM                                     ; On                 ; On                 ;
; Synthesis Seed                                                             ; 1                  ; 1                  ;
+----------------------------------------------------------------------------+--------------------+--------------------+


+------------------------------------------+
; Parallel Compilation                     ;
+----------------------------+-------------+
; Processors                 ; Number      ;
+----------------------------+-------------+
; Number detected on machine ; 8           ;
; Maximum allowed            ; 4           ;
;                            ;             ;
; Average used               ; 1.00        ;
; Maximum used               ; 1           ;
;                            ;             ;
; Usage by Processor         ; % Time Used ;
;     Processor 1            ; 100.0%      ;
;     Processors 2-8         ;   0.0%      ;
+----------------------------+-------------+


+-------------------------------------------------------------------------------------------------------------------------------------------------------------------+
; Analysis & Synthesis IP Cores Summary                                                                                                                             ;
+--------+--------------+---------+--------------+--------------+---------------------------------+-----------------------------------------------------------------+
; Vendor ; IP Core Name ; Version ; Release Date ; License Type ; Entity Instance                 ; IP Include File                                                 ;
+--------+--------------+---------+--------------+--------------+---------------------------------+-----------------------------------------------------------------+
; Altera ; ALTCLKCTRL   ; 13.0    ; N/A          ; N/A          ; |blinkelights2|altclkctrl0:inst ; //icnas2.cc.ic.ac.uk/dm2515/FPGA/blinkenlights2/altclkctrl0.vhd ;
+--------+--------------+---------+--------------+--------------+---------------------------------+-----------------------------------------------------------------+


+-------------------------------+
; Analysis & Synthesis Messages ;
+-------------------------------+
Info: *******************************************************************
Info: Running Quartus II 64-Bit Analysis & Synthesis
    Info: Version 13.0.1 Build 232 06/12/2013 Service Pack 1 SJ Full Version
    Info: Processing started: Thu Mar 17 14:45:51 2016
Info: Command: quartus_map --read_settings_files=on --write_settings_files=off blinkenlights2 -c blinkenlights2
Info (11104): Parallel Compilation has detected 8 hyper-threaded processors. However, the extra hyper-threaded processors will not be used by default. Parallel Compilation will use 4 of the 4 physical processors detected instead.
Info (12021): Found 1 design units, including 1 entities, in source file blinkelights2.bdf
    Info (12023): Found entity 1: blinkelights2
Info (12021): Found 4 design units, including 2 entities, in source file altclkctrl0.vhd
    Info (12022): Found design unit 1: altclkctrl0_altclkctrl_uhi-RTL
    Info (12022): Found design unit 2: altclkctrl0-RTL
    Info (12023): Found entity 1: altclkctrl0_altclkctrl_uhi
    Info (12023): Found entity 2: altclkctrl0
Info (12127): Elaborating entity "blinkelights2" for the top level hierarchy
Warning (275011): Block or symbol "DFFE" of instance "inst11" overlaps another block or symbol
Warning (275011): Block or symbol "DFFE" of instance "inst12" overlaps another block or symbol
Warning (275011): Block or symbol "DFFE" of instance "inst13" overlaps another block or symbol
Warning (275011): Block or symbol "DFFE" of instance "inst14" overlaps another block or symbol
Warning (275011): Block or symbol "DFFE" of instance "inst15" overlaps another block or symbol
Warning (275011): Block or symbol "DFFE" of instance "inst16" overlaps another block or symbol
Warning (275011): Block or symbol "DFFE" of instance "inst17" overlaps another block or symbol
Warning (275011): Block or symbol "DFFE" of instance "inst32" overlaps another block or symbol
Warning (275011): Block or symbol "DFFE" of instance "inst53" overlaps another block or symbol
Warning (275011): Block or symbol "DFFE" of instance "inst54" overlaps another block or symbol
Warning (275011): Block or symbol "DFFE" of instance "inst55" overlaps another block or symbol
Warning (275011): Block or symbol "DFFE" of instance "inst56" overlaps another block or symbol
Warning (275011): Block or symbol "DFFE" of instance "inst57" overlaps another block or symbol
Warning (275011): Block or symbol "DFFE" of instance "inst58" overlaps another block or symbol
Info (12128): Elaborating entity "altclkctrl0" for hierarchy "altclkctrl0:inst"
Info (12128): Elaborating entity "altclkctrl0_altclkctrl_uhi" for hierarchy "altclkctrl0:inst|altclkctrl0_altclkctrl_uhi:altclkctrl0_altclkctrl_uhi_component"
Error (12014): Net "gdfx_temp0", which fans out to "inst21", cannot be assigned more than one value
    Error (12015): Net is fed by "inst42"
    Error (12015): Net is fed by "inst33"
    Error (12015): Net is fed by "inst34"
    Error (12015): Net is fed by "inst35"
    Error (12015): Net is fed by "inst36"
    Error (12015): Net is fed by "inst37"
    Error (12015): Net is fed by "inst38"
    Error (12015): Net is fed by "inst39"
    Error (12015): Net is fed by "inst40"
    Error (12015): Net is fed by "inst41"
Error: Quartus II 64-Bit Analysis & Synthesis was unsuccessful. 11 errors, 14 warnings
    Error: Peak virtual memory: 486 megabytes
    Error: Processing ended: Thu Mar 17 14:45:54 2016
    Error: Elapsed time: 00:00:03
    Error: Total CPU time (on all processors): 00:00:01


