Analysis & Synthesis report for stopwatch
Wed Mar 16 14:41:14 2016
Quartus II 64-Bit Version 13.0.1 Build 232 06/12/2013 Service Pack 1 SJ Full Version


---------------------
; Table of Contents ;
---------------------
  1. Legal Notice
  2. Analysis & Synthesis Summary
  3. Analysis & Synthesis Settings
  4. Parallel Compilation
  5. Analysis & Synthesis Source Files Read
  6. Analysis & Synthesis Resource Usage Summary
  7. Analysis & Synthesis Resource Utilization by Entity
  8. Analysis & Synthesis IP Cores Summary
  9. User-Specified and Inferred Latches
 10. General Register Statistics
 11. Parameter Settings for User Entity Instance: counter:inst40|lpm_counter2:inst1|lpm_counter:LPM_COUNTER_component
 12. Parameter Settings for User Entity Instance: counter:inst40|lpm_counter2:inst2|lpm_counter:LPM_COUNTER_component
 13. Parameter Settings for User Entity Instance: counter:inst40|lpm_counter2:inst|lpm_counter:LPM_COUNTER_component
 14. Parameter Settings for User Entity Instance: counter:inst40|lpm_counter2:inst3|lpm_counter:LPM_COUNTER_component
 15. Parameter Settings for User Entity Instance: newcounter:inst|lpm_compare0:inst1|lpm_compare:LPM_COMPARE_component
 16. Parameter Settings for User Entity Instance: newcounter:inst|eighteenbit:inst|lpm_counter:LPM_COUNTER_component
 17. Elapsed Time Per Partition
 18. Analysis & Synthesis Messages
 19. Analysis & Synthesis Suppressed Messages



----------------
; Legal Notice ;
----------------
Copyright (C) 1991-2013 Altera Corporation
Your use of Altera Corporation's design tools, logic functions 
and other software and tools, and its AMPP partner logic 
functions, and any output files from any of the foregoing 
(including device programming or simulation files), and any 
associated documentation or information are expressly subject 
to the terms and conditions of the Altera Program License 
Subscription Agreement, Altera MegaCore Function License 
Agreement, or other applicable license agreement, including, 
without limitation, that your use is for the sole purpose of 
programming logic devices manufactured by Altera and sold by 
Altera or its authorized distributors.  Please refer to the 
applicable agreement for further details.



+---------------------------------------------------------------------------------------+
; Analysis & Synthesis Summary                                                          ;
+------------------------------------+--------------------------------------------------+
; Analysis & Synthesis Status        ; Successful - Wed Mar 16 14:41:14 2016            ;
; Quartus II 64-Bit Version          ; 13.0.1 Build 232 06/12/2013 SP 1 SJ Full Version ;
; Revision Name                      ; stopwatch                                        ;
; Top-level Entity Name              ; stopwatchtimes                                   ;
; Family                             ; Cyclone III                                      ;
; Total logic elements               ; 106                                              ;
;     Total combinational functions  ; 106                                              ;
;     Dedicated logic registers      ; 36                                               ;
; Total registers                    ; 36                                               ;
; Total pins                         ; 33                                               ;
; Total virtual pins                 ; 0                                                ;
; Total memory bits                  ; 0                                                ;
; Embedded Multiplier 9-bit elements ; 0                                                ;
; Total PLLs                         ; 0                                                ;
+------------------------------------+--------------------------------------------------+


+----------------------------------------------------------------------------------------------------------------------+
; Analysis & Synthesis Settings                                                                                        ;
+----------------------------------------------------------------------------+--------------------+--------------------+
; Option                                                                     ; Setting            ; Default Value      ;
+----------------------------------------------------------------------------+--------------------+--------------------+
; Device                                                                     ; EP3C16F484C6       ;                    ;
; Top-level entity name                                                      ; stopwatchtimes     ; stopwatch          ;
; Family name                                                                ; Cyclone III        ; Cyclone IV GX      ;
; Use smart compilation                                                      ; Off                ; Off                ;
; Enable parallel Assembler and TimeQuest Timing Analyzer during compilation ; On                 ; On                 ;
; Enable compact report table                                                ; Off                ; Off                ;
; Restructure Multiplexers                                                   ; Auto               ; Auto               ;
; Create Debugging Nodes for IP Cores                                        ; Off                ; Off                ;
; Preserve fewer node names                                                  ; On                 ; On                 ;
; Disable OpenCore Plus hardware evaluation                                  ; Off                ; Off                ;
; Verilog Version                                                            ; Verilog_2001       ; Verilog_2001       ;
; VHDL Version                                                               ; VHDL_1993          ; VHDL_1993          ;
; State Machine Processing                                                   ; Auto               ; Auto               ;
; Safe State Machine                                                         ; Off                ; Off                ;
; Extract Verilog State Machines                                             ; On                 ; On                 ;
; Extract VHDL State Machines                                                ; On                 ; On                 ;
; Ignore Verilog initial constructs                                          ; Off                ; Off                ;
; Iteration limit for constant Verilog loops                                 ; 5000               ; 5000               ;
; Iteration limit for non-constant Verilog loops                             ; 250                ; 250                ;
; Add Pass-Through Logic to Inferred RAMs                                    ; On                 ; On                 ;
; Infer RAMs from Raw Logic                                                  ; On                 ; On                 ;
; Parallel Synthesis                                                         ; On                 ; On                 ;
; DSP Block Balancing                                                        ; Auto               ; Auto               ;
; NOT Gate Push-Back                                                         ; On                 ; On                 ;
; Power-Up Don't Care                                                        ; On                 ; On                 ;
; Remove Redundant Logic Cells                                               ; Off                ; Off                ;
; Remove Duplicate Registers                                                 ; On                 ; On                 ;
; Ignore CARRY Buffers                                                       ; Off                ; Off                ;
; Ignore CASCADE Buffers                                                     ; Off                ; Off                ;
; Ignore GLOBAL Buffers                                                      ; Off                ; Off                ;
; Ignore ROW GLOBAL Buffers                                                  ; Off                ; Off                ;
; Ignore LCELL Buffers                                                       ; Off                ; Off                ;
; Ignore SOFT Buffers                                                        ; On                 ; On                 ;
; Limit AHDL Integers to 32 Bits                                             ; Off                ; Off                ;
; Optimization Technique                                                     ; Balanced           ; Balanced           ;
; Carry Chain Length                                                         ; 70                 ; 70                 ;
; Auto Carry Chains                                                          ; On                 ; On                 ;
; Auto Open-Drain Pins                                                       ; On                 ; On                 ;
; Perform WYSIWYG Primitive Resynthesis                                      ; Off                ; Off                ;
; Auto ROM Replacement                                                       ; On                 ; On                 ;
; Auto RAM Replacement                                                       ; On                 ; On                 ;
; Auto DSP Block Replacement                                                 ; On                 ; On                 ;
; Auto Shift Register Replacement                                            ; Auto               ; Auto               ;
; Allow Shift Register Merging across Hierarchies                            ; Auto               ; Auto               ;
; Auto Clock Enable Replacement                                              ; On                 ; On                 ;
; Strict RAM Replacement                                                     ; Off                ; Off                ;
; Allow Synchronous Control Signals                                          ; On                 ; On                 ;
; Force Use of Synchronous Clear Signals                                     ; Off                ; Off                ;
; Auto RAM Block Balancing                                                   ; On                 ; On                 ;
; Auto RAM to Logic Cell Conversion                                          ; Off                ; Off                ;
; Auto Resource Sharing                                                      ; Off                ; Off                ;
; Allow Any RAM Size For Recognition                                         ; Off                ; Off                ;
; Allow Any ROM Size For Recognition                                         ; Off                ; Off                ;
; Allow Any Shift Register Size For Recognition                              ; Off                ; Off                ;
; Use LogicLock Constraints during Resource Balancing                        ; On                 ; On                 ;
; Ignore translate_off and synthesis_off directives                          ; Off                ; Off                ;
; Timing-Driven Synthesis                                                    ; On                 ; On                 ;
; Report Parameter Settings                                                  ; On                 ; On                 ;
; Report Source Assignments                                                  ; On                 ; On                 ;
; Report Connectivity Checks                                                 ; On                 ; On                 ;
; Ignore Maximum Fan-Out Assignments                                         ; Off                ; Off                ;
; Synchronization Register Chain Length                                      ; 2                  ; 2                  ;
; PowerPlay Power Optimization                                               ; Normal compilation ; Normal compilation ;
; HDL message level                                                          ; Level2             ; Level2             ;
; Suppress Register Optimization Related Messages                            ; Off                ; Off                ;
; Number of Removed Registers Reported in Synthesis Report                   ; 5000               ; 5000               ;
; Number of Swept Nodes Reported in Synthesis Report                         ; 5000               ; 5000               ;
; Number of Inverted Registers Reported in Synthesis Report                  ; 100                ; 100                ;
; Clock MUX Protection                                                       ; On                 ; On                 ;
; Auto Gated Clock Conversion                                                ; Off                ; Off                ;
; Block Design Naming                                                        ; Auto               ; Auto               ;
; SDC constraint protection                                                  ; Off                ; Off                ;
; Synthesis Effort                                                           ; Auto               ; Auto               ;
; Shift Register Replacement - Allow Asynchronous Clear Signal               ; On                 ; On                 ;
; Pre-Mapping Resynthesis Optimization                                       ; Off                ; Off                ;
; Analysis & Synthesis Message Level                                         ; Medium             ; Medium             ;
; Disable Register Merging Across Hierarchies                                ; Auto               ; Auto               ;
; Resource Aware Inference For Block RAM                                     ; On                 ; On                 ;
; Synthesis Seed                                                             ; 1                  ; 1                  ;
+----------------------------------------------------------------------------+--------------------+--------------------+


+------------------------------------------+
; Parallel Compilation                     ;
+----------------------------+-------------+
; Processors                 ; Number      ;
+----------------------------+-------------+
; Number detected on machine ; 8           ;
; Maximum allowed            ; 4           ;
;                            ;             ;
; Average used               ; 1.00        ;
; Maximum used               ; 1           ;
;                            ;             ;
; Usage by Processor         ; % Time Used ;
;     Processor 1            ; 100.0%      ;
;     Processors 2-8         ;   0.0%      ;
+----------------------------+-------------+


+--------------------------------------------------------------------------------------------------------------------------------------------------------------------------------------------------------------------------------------------+
; Analysis & Synthesis Source Files Read                                                                                                                                                                                                     ;
+----------------------------------+-----------------+------------------------------------+----------------------------------------------------------------------------------------------------------------------------------------+---------+
; File Name with User-Entered Path ; Used in Netlist ; File Type                          ; File Name with Absolute Path                                                                                                           ; Library ;
+----------------------------------+-----------------+------------------------------------+----------------------------------------------------------------------------------------------------------------------------------------+---------+
; counter.bdf                      ; yes             ; User Block Diagram/Schematic File  ; //icnas2.cc.ic.ac.uk/dm2515/FPGA_NEW/documents-export-2016-03-11/stop_watchfinal/stopwatch_new/stopwatch/counter.bdf                   ;         ;
; altclkctrl2.vhd                  ; yes             ; User Wizard-Generated File         ; //icnas2.cc.ic.ac.uk/dm2515/FPGA_NEW/documents-export-2016-03-11/stop_watchfinal/stopwatch_new/stopwatch/altclkctrl2.vhd               ;         ;
; stopwatchtimes.bdf               ; yes             ; User Block Diagram/Schematic File  ; //icnas2.cc.ic.ac.uk/dm2515/FPGA_NEW/documents-export-2016-03-11/stop_watchfinal/stopwatch_new/stopwatch/stopwatchtimes.bdf            ;         ;
; lpm_counter2.vhd                 ; yes             ; User Wizard-Generated File         ; //icnas2.cc.ic.ac.uk/dm2515/FPGA_NEW/documents-export-2016-03-11/stop_watchfinal/stopwatch_new/stopwatch/lpm_counter2.vhd              ;         ;
; output_files/lpm_compare0.vhd    ; yes             ; User Wizard-Generated File         ; //icnas2.cc.ic.ac.uk/dm2515/FPGA_NEW/documents-export-2016-03-11/stop_watchfinal/stopwatch_new/stopwatch/output_files/lpm_compare0.vhd ;         ;
; newcounter.bdf                   ; yes             ; User Block Diagram/Schematic File  ; //icnas2.cc.ic.ac.uk/dm2515/FPGA_NEW/documents-export-2016-03-11/stop_watchfinal/stopwatch_new/stopwatch/newcounter.bdf                ;         ;
; eighteenbit.vhd                  ; yes             ; User Wizard-Generated File         ; //icnas2.cc.ic.ac.uk/dm2515/FPGA_NEW/documents-export-2016-03-11/stop_watchfinal/stopwatch_new/stopwatch/eighteenbit.vhd               ;         ;
; bcdconverter2.v                  ; yes             ; User Verilog HDL File              ; //icnas2.cc.ic.ac.uk/dm2515/FPGA_NEW/documents-export-2016-03-11/stop_watchfinal/stopwatch_new/stopwatch/bcdconverter2.v               ;         ;
; lpm_counter.tdf                  ; yes             ; Megafunction                       ; c:/altera/13.0sp1/quartus/libraries/megafunctions/lpm_counter.tdf                                                                      ;         ;
; lpm_constant.inc                 ; yes             ; Megafunction                       ; c:/altera/13.0sp1/quartus/libraries/megafunctions/lpm_constant.inc                                                                     ;         ;
; lpm_decode.inc                   ; yes             ; Megafunction                       ; c:/altera/13.0sp1/quartus/libraries/megafunctions/lpm_decode.inc                                                                       ;         ;
; lpm_add_sub.inc                  ; yes             ; Megafunction                       ; c:/altera/13.0sp1/quartus/libraries/megafunctions/lpm_add_sub.inc                                                                      ;         ;
; cmpconst.inc                     ; yes             ; Megafunction                       ; c:/altera/13.0sp1/quartus/libraries/megafunctions/cmpconst.inc                                                                         ;         ;
; lpm_compare.inc                  ; yes             ; Megafunction                       ; c:/altera/13.0sp1/quartus/libraries/megafunctions/lpm_compare.inc                                                                      ;         ;
; lpm_counter.inc                  ; yes             ; Megafunction                       ; c:/altera/13.0sp1/quartus/libraries/megafunctions/lpm_counter.inc                                                                      ;         ;
; dffeea.inc                       ; yes             ; Megafunction                       ; c:/altera/13.0sp1/quartus/libraries/megafunctions/dffeea.inc                                                                           ;         ;
; alt_counter_stratix.inc          ; yes             ; Megafunction                       ; c:/altera/13.0sp1/quartus/libraries/megafunctions/alt_counter_stratix.inc                                                              ;         ;
; aglobal130.inc                   ; yes             ; Megafunction                       ; c:/altera/13.0sp1/quartus/libraries/megafunctions/aglobal130.inc                                                                       ;         ;
; db/cntr_qtj.tdf                  ; yes             ; Auto-Generated Megafunction        ; //icnas2.cc.ic.ac.uk/dm2515/FPGA_NEW/documents-export-2016-03-11/stop_watchfinal/stopwatch_new/stopwatch/db/cntr_qtj.tdf               ;         ;
; lpm_compare.tdf                  ; yes             ; Megafunction                       ; c:/altera/13.0sp1/quartus/libraries/megafunctions/lpm_compare.tdf                                                                      ;         ;
; comptree.inc                     ; yes             ; Megafunction                       ; c:/altera/13.0sp1/quartus/libraries/megafunctions/comptree.inc                                                                         ;         ;
; altshift.inc                     ; yes             ; Megafunction                       ; c:/altera/13.0sp1/quartus/libraries/megafunctions/altshift.inc                                                                         ;         ;
; db/cmpr_fcj.tdf                  ; yes             ; Auto-Generated Megafunction        ; //icnas2.cc.ic.ac.uk/dm2515/FPGA_NEW/documents-export-2016-03-11/stop_watchfinal/stopwatch_new/stopwatch/db/cmpr_fcj.tdf               ;         ;
; db/cntr_p7i.tdf                  ; yes             ; Auto-Generated Megafunction        ; //icnas2.cc.ic.ac.uk/dm2515/FPGA_NEW/documents-export-2016-03-11/stop_watchfinal/stopwatch_new/stopwatch/db/cntr_p7i.tdf               ;         ;
+----------------------------------+-----------------+------------------------------------+----------------------------------------------------------------------------------------------------------------------------------------+---------+


+----------------------------------------------------------------------------------------------------------------------------------------------------------------+
; Analysis & Synthesis Resource Usage Summary                                                                                                                    ;
+---------------------------------------------+------------------------------------------------------------------------------------------------------------------+
; Resource                                    ; Usage                                                                                                            ;
+---------------------------------------------+------------------------------------------------------------------------------------------------------------------+
; Estimated Total logic elements              ; 106                                                                                                              ;
;                                             ;                                                                                                                  ;
; Total combinational functions               ; 106                                                                                                              ;
; Logic element usage by number of LUT inputs ;                                                                                                                  ;
;     -- 4 input functions                    ; 26                                                                                                               ;
;     -- 3 input functions                    ; 43                                                                                                               ;
;     -- <=2 input functions                  ; 37                                                                                                               ;
;                                             ;                                                                                                                  ;
; Logic elements by mode                      ;                                                                                                                  ;
;     -- normal mode                          ; 76                                                                                                               ;
;     -- arithmetic mode                      ; 30                                                                                                               ;
;                                             ;                                                                                                                  ;
; Total registers                             ; 36                                                                                                               ;
;     -- Dedicated logic registers            ; 36                                                                                                               ;
;     -- I/O registers                        ; 0                                                                                                                ;
;                                             ;                                                                                                                  ;
; I/O pins                                    ; 33                                                                                                               ;
; Embedded Multiplier 9-bit elements          ; 0                                                                                                                ;
; Maximum fan-out node                        ; newcounter:inst|lpm_compare0:inst1|lpm_compare:LPM_COMPARE_component|cmpr_fcj:auto_generated|aneb_result_wire[0] ;
; Maximum fan-out                             ; 35                                                                                                               ;
; Total fan-out                               ; 517                                                                                                              ;
; Average fan-out                             ; 2.47                                                                                                             ;
+---------------------------------------------+------------------------------------------------------------------------------------------------------------------+


+-------------------------------------------------------------------------------------------------------------------------------------------------------------------------------------------------------------------------------------------------------------------------------------------------------------------+
; Analysis & Synthesis Resource Utilization by Entity                                                                                                                                                                                                                                                               ;
+-------------------------------------------------------------------------+-------------------+--------------+-------------+--------------+---------+-----------+------+--------------+--------------------------------------------------------------------------------------------------------------+--------------+
; Compilation Hierarchy Node                                              ; LC Combinationals ; LC Registers ; Memory Bits ; DSP Elements ; DSP 9x9 ; DSP 18x18 ; Pins ; Virtual Pins ; Full Hierarchy Name                                                                                          ; Library Name ;
+-------------------------------------------------------------------------+-------------------+--------------+-------------+--------------+---------+-----------+------+--------------+--------------------------------------------------------------------------------------------------------------+--------------+
; |stopwatchtimes                                                         ; 106 (30)          ; 36 (1)       ; 0           ; 0            ; 0       ; 0         ; 33   ; 0            ; |stopwatchtimes                                                                                              ; work         ;
;    |altclkctrl2:inst5|                                                  ; 0 (0)             ; 0 (0)        ; 0           ; 0            ; 0       ; 0         ; 0    ; 0            ; |stopwatchtimes|altclkctrl2:inst5                                                                            ; work         ;
;       |altclkctrl2_altclkctrl_uhi:altclkctrl2_altclkctrl_uhi_component| ; 0 (0)             ; 0 (0)        ; 0           ; 0            ; 0       ; 0         ; 0    ; 0            ; |stopwatchtimes|altclkctrl2:inst5|altclkctrl2_altclkctrl_uhi:altclkctrl2_altclkctrl_uhi_component            ; work         ;
;    |counter:inst40|                                                     ; 27 (8)            ; 16 (0)       ; 0           ; 0            ; 0       ; 0         ; 0    ; 0            ; |stopwatchtimes|counter:inst40                                                                               ; work         ;
;       |lpm_counter2:inst1|                                              ; 5 (0)             ; 4 (0)        ; 0           ; 0            ; 0       ; 0         ; 0    ; 0            ; |stopwatchtimes|counter:inst40|lpm_counter2:inst1                                                            ; work         ;
;          |lpm_counter:LPM_COUNTER_component|                            ; 5 (0)             ; 4 (0)        ; 0           ; 0            ; 0       ; 0         ; 0    ; 0            ; |stopwatchtimes|counter:inst40|lpm_counter2:inst1|lpm_counter:LPM_COUNTER_component                          ; work         ;
;             |cntr_qtj:auto_generated|                                   ; 5 (5)             ; 4 (4)        ; 0           ; 0            ; 0       ; 0         ; 0    ; 0            ; |stopwatchtimes|counter:inst40|lpm_counter2:inst1|lpm_counter:LPM_COUNTER_component|cntr_qtj:auto_generated  ; work         ;
;       |lpm_counter2:inst2|                                              ; 4 (0)             ; 4 (0)        ; 0           ; 0            ; 0       ; 0         ; 0    ; 0            ; |stopwatchtimes|counter:inst40|lpm_counter2:inst2                                                            ; work         ;
;          |lpm_counter:LPM_COUNTER_component|                            ; 4 (0)             ; 4 (0)        ; 0           ; 0            ; 0       ; 0         ; 0    ; 0            ; |stopwatchtimes|counter:inst40|lpm_counter2:inst2|lpm_counter:LPM_COUNTER_component                          ; work         ;
;             |cntr_qtj:auto_generated|                                   ; 4 (4)             ; 4 (4)        ; 0           ; 0            ; 0       ; 0         ; 0    ; 0            ; |stopwatchtimes|counter:inst40|lpm_counter2:inst2|lpm_counter:LPM_COUNTER_component|cntr_qtj:auto_generated  ; work         ;
;       |lpm_counter2:inst3|                                              ; 5 (0)             ; 4 (0)        ; 0           ; 0            ; 0       ; 0         ; 0    ; 0            ; |stopwatchtimes|counter:inst40|lpm_counter2:inst3                                                            ; work         ;
;          |lpm_counter:LPM_COUNTER_component|                            ; 5 (0)             ; 4 (0)        ; 0           ; 0            ; 0       ; 0         ; 0    ; 0            ; |stopwatchtimes|counter:inst40|lpm_counter2:inst3|lpm_counter:LPM_COUNTER_component                          ; work         ;
;             |cntr_qtj:auto_generated|                                   ; 5 (5)             ; 4 (4)        ; 0           ; 0            ; 0       ; 0         ; 0    ; 0            ; |stopwatchtimes|counter:inst40|lpm_counter2:inst3|lpm_counter:LPM_COUNTER_component|cntr_qtj:auto_generated  ; work         ;
;       |lpm_counter2:inst|                                               ; 5 (0)             ; 4 (0)        ; 0           ; 0            ; 0       ; 0         ; 0    ; 0            ; |stopwatchtimes|counter:inst40|lpm_counter2:inst                                                             ; work         ;
;          |lpm_counter:LPM_COUNTER_component|                            ; 5 (0)             ; 4 (0)        ; 0           ; 0            ; 0       ; 0         ; 0    ; 0            ; |stopwatchtimes|counter:inst40|lpm_counter2:inst|lpm_counter:LPM_COUNTER_component                           ; work         ;
;             |cntr_qtj:auto_generated|                                   ; 5 (5)             ; 4 (4)        ; 0           ; 0            ; 0       ; 0         ; 0    ; 0            ; |stopwatchtimes|counter:inst40|lpm_counter2:inst|lpm_counter:LPM_COUNTER_component|cntr_qtj:auto_generated   ; work         ;
;    |decode_7segment:inst2|                                              ; 6 (6)             ; 0 (0)        ; 0           ; 0            ; 0       ; 0         ; 0    ; 0            ; |stopwatchtimes|decode_7segment:inst2                                                                        ; work         ;
;    |decode_7segment:inst3|                                              ; 6 (6)             ; 0 (0)        ; 0           ; 0            ; 0       ; 0         ; 0    ; 0            ; |stopwatchtimes|decode_7segment:inst3                                                                        ; work         ;
;    |decode_7segment:inst4|                                              ; 6 (6)             ; 0 (0)        ; 0           ; 0            ; 0       ; 0         ; 0    ; 0            ; |stopwatchtimes|decode_7segment:inst4                                                                        ; work         ;
;    |decode_7segment:inst6|                                              ; 6 (6)             ; 0 (0)        ; 0           ; 0            ; 0       ; 0         ; 0    ; 0            ; |stopwatchtimes|decode_7segment:inst6                                                                        ; work         ;
;    |newcounter:inst|                                                    ; 25 (0)            ; 19 (0)       ; 0           ; 0            ; 0       ; 0         ; 0    ; 0            ; |stopwatchtimes|newcounter:inst                                                                              ; work         ;
;       |eighteenbit:inst|                                                ; 19 (0)            ; 19 (0)       ; 0           ; 0            ; 0       ; 0         ; 0    ; 0            ; |stopwatchtimes|newcounter:inst|eighteenbit:inst                                                             ; work         ;
;          |lpm_counter:LPM_COUNTER_component|                            ; 19 (0)            ; 19 (0)       ; 0           ; 0            ; 0       ; 0         ; 0    ; 0            ; |stopwatchtimes|newcounter:inst|eighteenbit:inst|lpm_counter:LPM_COUNTER_component                           ; work         ;
;             |cntr_p7i:auto_generated|                                   ; 19 (19)           ; 19 (19)      ; 0           ; 0            ; 0       ; 0         ; 0    ; 0            ; |stopwatchtimes|newcounter:inst|eighteenbit:inst|lpm_counter:LPM_COUNTER_component|cntr_p7i:auto_generated   ; work         ;
;       |lpm_compare0:inst1|                                              ; 6 (0)             ; 0 (0)        ; 0           ; 0            ; 0       ; 0         ; 0    ; 0            ; |stopwatchtimes|newcounter:inst|lpm_compare0:inst1                                                           ; work         ;
;          |lpm_compare:LPM_COMPARE_component|                            ; 6 (0)             ; 0 (0)        ; 0           ; 0            ; 0       ; 0         ; 0    ; 0            ; |stopwatchtimes|newcounter:inst|lpm_compare0:inst1|lpm_compare:LPM_COMPARE_component                         ; work         ;
;             |cmpr_fcj:auto_generated|                                   ; 6 (6)             ; 0 (0)        ; 0           ; 0            ; 0       ; 0         ; 0    ; 0            ; |stopwatchtimes|newcounter:inst|lpm_compare0:inst1|lpm_compare:LPM_COMPARE_component|cmpr_fcj:auto_generated ; work         ;
+-------------------------------------------------------------------------+-------------------+--------------+-------------+--------------+---------+-----------+------+--------------+--------------------------------------------------------------------------------------------------------------+--------------+
Note: For table entries with two numbers listed, the numbers in parentheses indicate the number of resources of the given type used by the specific entity alone. The numbers listed outside of parentheses indicate the total resources of the given type used by the specific entity and all of its sub-entities in the hierarchy.


+-------------------------------------------------------------------------------------------------------------------------------------------------------------------------------------------------------------------------------------------------------------+
; Analysis & Synthesis IP Cores Summary                                                                                                                                                                                                                       ;
+--------+--------------+---------+--------------+--------------+----------------------------------------------------+----------------------------------------------------------------------------------------------------------------------------------------+
; Vendor ; IP Core Name ; Version ; Release Date ; License Type ; Entity Instance                                    ; IP Include File                                                                                                                        ;
+--------+--------------+---------+--------------+--------------+----------------------------------------------------+----------------------------------------------------------------------------------------------------------------------------------------+
; Altera ; LPM_COUNTER  ; 13.0    ; N/A          ; N/A          ; |stopwatchtimes|newcounter:inst|eighteenbit:inst   ; //icnas2.cc.ic.ac.uk/dm2515/FPGA_NEW/documents-export-2016-03-11/stop_watchfinal/stopwatch_new/stopwatch/eighteenbit.vhd               ;
; Altera ; LPM_COMPARE  ; 13.0    ; N/A          ; N/A          ; |stopwatchtimes|newcounter:inst|lpm_compare0:inst1 ; //icnas2.cc.ic.ac.uk/dm2515/FPGA_NEW/documents-export-2016-03-11/stop_watchfinal/stopwatch_new/stopwatch/output_files/lpm_compare0.vhd ;
; Altera ; ALTCLKCTRL   ; 13.0    ; N/A          ; N/A          ; |stopwatchtimes|altclkctrl2:inst5                  ; //icnas2.cc.ic.ac.uk/dm2515/FPGA_NEW/documents-export-2016-03-11/stop_watchfinal/stopwatch_new/stopwatch/altclkctrl2.vhd               ;
; Altera ; LPM_COUNTER  ; 13.0    ; N/A          ; N/A          ; |stopwatchtimes|counter:inst40|lpm_counter2:inst   ; //icnas2.cc.ic.ac.uk/dm2515/FPGA_NEW/documents-export-2016-03-11/stop_watchfinal/stopwatch_new/stopwatch/lpm_counter2.vhd              ;
; Altera ; LPM_COUNTER  ; 13.0    ; N/A          ; N/A          ; |stopwatchtimes|counter:inst40|lpm_counter2:inst1  ; //icnas2.cc.ic.ac.uk/dm2515/FPGA_NEW/documents-export-2016-03-11/stop_watchfinal/stopwatch_new/stopwatch/lpm_counter2.vhd              ;
; Altera ; LPM_COUNTER  ; 13.0    ; N/A          ; N/A          ; |stopwatchtimes|counter:inst40|lpm_counter2:inst2  ; //icnas2.cc.ic.ac.uk/dm2515/FPGA_NEW/documents-export-2016-03-11/stop_watchfinal/stopwatch_new/stopwatch/lpm_counter2.vhd              ;
; Altera ; LPM_COUNTER  ; 13.0    ; N/A          ; N/A          ; |stopwatchtimes|counter:inst40|lpm_counter2:inst3  ; //icnas2.cc.ic.ac.uk/dm2515/FPGA_NEW/documents-export-2016-03-11/stop_watchfinal/stopwatch_new/stopwatch/lpm_counter2.vhd              ;
+--------+--------------+---------+--------------+--------------+----------------------------------------------------+----------------------------------------------------------------------------------------------------------------------------------------+


+----------------------------------------------------------------------------------------------------+
; User-Specified and Inferred Latches                                                                ;
+-----------------------------------------------------+---------------------+------------------------+
; Latch Name                                          ; Latch Enable Signal ; Free of Timing Hazards ;
+-----------------------------------------------------+---------------------+------------------------+
; inst43[6]                                           ; split               ; yes                    ;
; inst43[5]                                           ; split               ; yes                    ;
; inst43[4]                                           ; split               ; yes                    ;
; inst43[3]                                           ; split               ; yes                    ;
; inst43[2]                                           ; split               ; yes                    ;
; inst43[1]                                           ; split               ; yes                    ;
; inst43[0]                                           ; split               ; yes                    ;
; inst44[6]                                           ; split               ; yes                    ;
; inst44[5]                                           ; split               ; yes                    ;
; inst44[4]                                           ; split               ; yes                    ;
; inst44[3]                                           ; split               ; yes                    ;
; inst44[2]                                           ; split               ; yes                    ;
; inst44[1]                                           ; split               ; yes                    ;
; inst44[0]                                           ; split               ; yes                    ;
; inst42[6]                                           ; split               ; yes                    ;
; inst42[5]                                           ; split               ; yes                    ;
; inst42[4]                                           ; split               ; yes                    ;
; inst42[3]                                           ; split               ; yes                    ;
; inst42[2]                                           ; split               ; yes                    ;
; inst42[1]                                           ; split               ; yes                    ;
; inst42[0]                                           ; split               ; yes                    ;
; inst45[6]                                           ; split               ; yes                    ;
; inst45[5]                                           ; split               ; yes                    ;
; inst45[4]                                           ; split               ; yes                    ;
; inst45[3]                                           ; split               ; yes                    ;
; inst45[2]                                           ; split               ; yes                    ;
; inst45[1]                                           ; split               ; yes                    ;
; inst45[0]                                           ; split               ; yes                    ;
; Number of user-specified and inferred latches = 28  ;                     ;                        ;
+-----------------------------------------------------+---------------------+------------------------+
Note: All latches listed above may not be present at the end of synthesis due to various synthesis optimizations.


+------------------------------------------------------+
; General Register Statistics                          ;
+----------------------------------------------+-------+
; Statistic                                    ; Value ;
+----------------------------------------------+-------+
; Total registers                              ; 36    ;
; Number of registers using Synchronous Clear  ; 0     ;
; Number of registers using Synchronous Load   ; 16    ;
; Number of registers using Asynchronous Clear ; 35    ;
; Number of registers using Asynchronous Load  ; 0     ;
; Number of registers using Clock Enable       ; 16    ;
; Number of registers using Preset             ; 0     ;
+----------------------------------------------+-------+


+------------------------------------------------------------------------------------------------------------------+
; Parameter Settings for User Entity Instance: counter:inst40|lpm_counter2:inst1|lpm_counter:LPM_COUNTER_component ;
+------------------------+-------------+---------------------------------------------------------------------------+
; Parameter Name         ; Value       ; Type                                                                      ;
+------------------------+-------------+---------------------------------------------------------------------------+
; AUTO_CARRY_CHAINS      ; ON          ; AUTO_CARRY                                                                ;
; IGNORE_CARRY_BUFFERS   ; OFF         ; IGNORE_CARRY                                                              ;
; AUTO_CASCADE_CHAINS    ; ON          ; AUTO_CASCADE                                                              ;
; IGNORE_CASCADE_BUFFERS ; OFF         ; IGNORE_CASCADE                                                            ;
; LPM_WIDTH              ; 4           ; Signed Integer                                                            ;
; LPM_DIRECTION          ; UP          ; Untyped                                                                   ;
; LPM_MODULUS            ; 0           ; Untyped                                                                   ;
; LPM_AVALUE             ; UNUSED      ; Untyped                                                                   ;
; LPM_SVALUE             ; UNUSED      ; Untyped                                                                   ;
; LPM_PORT_UPDOWN        ; PORT_UNUSED ; Untyped                                                                   ;
; DEVICE_FAMILY          ; Cyclone III ; Untyped                                                                   ;
; CARRY_CHAIN            ; MANUAL      ; Untyped                                                                   ;
; CARRY_CHAIN_LENGTH     ; 48          ; CARRY_CHAIN_LENGTH                                                        ;
; NOT_GATE_PUSH_BACK     ; ON          ; NOT_GATE_PUSH_BACK                                                        ;
; CARRY_CNT_EN           ; SMART       ; Untyped                                                                   ;
; LABWIDE_SCLR           ; ON          ; Untyped                                                                   ;
; USE_NEW_VERSION        ; TRUE        ; Untyped                                                                   ;
; CBXI_PARAMETER         ; cntr_qtj    ; Untyped                                                                   ;
+------------------------+-------------+---------------------------------------------------------------------------+
Note: In order to hide this table in the UI and the text report file, please set the "Show Parameter Settings in Synthesis Report" option in "Analysis and Synthesis Settings -> More Settings" to "Off".


+------------------------------------------------------------------------------------------------------------------+
; Parameter Settings for User Entity Instance: counter:inst40|lpm_counter2:inst2|lpm_counter:LPM_COUNTER_component ;
+------------------------+-------------+---------------------------------------------------------------------------+
; Parameter Name         ; Value       ; Type                                                                      ;
+------------------------+-------------+---------------------------------------------------------------------------+
; AUTO_CARRY_CHAINS      ; ON          ; AUTO_CARRY                                                                ;
; IGNORE_CARRY_BUFFERS   ; OFF         ; IGNORE_CARRY                                                              ;
; AUTO_CASCADE_CHAINS    ; ON          ; AUTO_CASCADE                                                              ;
; IGNORE_CASCADE_BUFFERS ; OFF         ; IGNORE_CASCADE                                                            ;
; LPM_WIDTH              ; 4           ; Signed Integer                                                            ;
; LPM_DIRECTION          ; UP          ; Untyped                                                                   ;
; LPM_MODULUS            ; 0           ; Untyped                                                                   ;
; LPM_AVALUE             ; UNUSED      ; Untyped                                                                   ;
; LPM_SVALUE             ; UNUSED      ; Untyped                                                                   ;
; LPM_PORT_UPDOWN        ; PORT_UNUSED ; Untyped                                                                   ;
; DEVICE_FAMILY          ; Cyclone III ; Untyped                                                                   ;
; CARRY_CHAIN            ; MANUAL      ; Untyped                                                                   ;
; CARRY_CHAIN_LENGTH     ; 48          ; CARRY_CHAIN_LENGTH                                                        ;
; NOT_GATE_PUSH_BACK     ; ON          ; NOT_GATE_PUSH_BACK                                                        ;
; CARRY_CNT_EN           ; SMART       ; Untyped                                                                   ;
; LABWIDE_SCLR           ; ON          ; Untyped                                                                   ;
; USE_NEW_VERSION        ; TRUE        ; Untyped                                                                   ;
; CBXI_PARAMETER         ; cntr_qtj    ; Untyped                                                                   ;
+------------------------+-------------+---------------------------------------------------------------------------+
Note: In order to hide this table in the UI and the text report file, please set the "Show Parameter Settings in Synthesis Report" option in "Analysis and Synthesis Settings -> More Settings" to "Off".


+-----------------------------------------------------------------------------------------------------------------+
; Parameter Settings for User Entity Instance: counter:inst40|lpm_counter2:inst|lpm_counter:LPM_COUNTER_component ;
+------------------------+-------------+--------------------------------------------------------------------------+
; Parameter Name         ; Value       ; Type                                                                     ;
+------------------------+-------------+--------------------------------------------------------------------------+
; AUTO_CARRY_CHAINS      ; ON          ; AUTO_CARRY                                                               ;
; IGNORE_CARRY_BUFFERS   ; OFF         ; IGNORE_CARRY                                                             ;
; AUTO_CASCADE_CHAINS    ; ON          ; AUTO_CASCADE                                                             ;
; IGNORE_CASCADE_BUFFERS ; OFF         ; IGNORE_CASCADE                                                           ;
; LPM_WIDTH              ; 4           ; Signed Integer                                                           ;
; LPM_DIRECTION          ; UP          ; Untyped                                                                  ;
; LPM_MODULUS            ; 0           ; Untyped                                                                  ;
; LPM_AVALUE             ; UNUSED      ; Untyped                                                                  ;
; LPM_SVALUE             ; UNUSED      ; Untyped                                                                  ;
; LPM_PORT_UPDOWN        ; PORT_UNUSED ; Untyped                                                                  ;
; DEVICE_FAMILY          ; Cyclone III ; Untyped                                                                  ;
; CARRY_CHAIN            ; MANUAL      ; Untyped                                                                  ;
; CARRY_CHAIN_LENGTH     ; 48          ; CARRY_CHAIN_LENGTH                                                       ;
; NOT_GATE_PUSH_BACK     ; ON          ; NOT_GATE_PUSH_BACK                                                       ;
; CARRY_CNT_EN           ; SMART       ; Untyped                                                                  ;
; LABWIDE_SCLR           ; ON          ; Untyped                                                                  ;
; USE_NEW_VERSION        ; TRUE        ; Untyped                                                                  ;
; CBXI_PARAMETER         ; cntr_qtj    ; Untyped                                                                  ;
+------------------------+-------------+--------------------------------------------------------------------------+
Note: In order to hide this table in the UI and the text report file, please set the "Show Parameter Settings in Synthesis Report" option in "Analysis and Synthesis Settings -> More Settings" to "Off".


+------------------------------------------------------------------------------------------------------------------+
; Parameter Settings for User Entity Instance: counter:inst40|lpm_counter2:inst3|lpm_counter:LPM_COUNTER_component ;
+------------------------+-------------+---------------------------------------------------------------------------+
; Parameter Name         ; Value       ; Type                                                                      ;
+------------------------+-------------+---------------------------------------------------------------------------+
; AUTO_CARRY_CHAINS      ; ON          ; AUTO_CARRY                                                                ;
; IGNORE_CARRY_BUFFERS   ; OFF         ; IGNORE_CARRY                                                              ;
; AUTO_CASCADE_CHAINS    ; ON          ; AUTO_CASCADE                                                              ;
; IGNORE_CASCADE_BUFFERS ; OFF         ; IGNORE_CASCADE                                                            ;
; LPM_WIDTH              ; 4           ; Signed Integer                                                            ;
; LPM_DIRECTION          ; UP          ; Untyped                                                                   ;
; LPM_MODULUS            ; 0           ; Untyped                                                                   ;
; LPM_AVALUE             ; UNUSED      ; Untyped                                                                   ;
; LPM_SVALUE             ; UNUSED      ; Untyped                                                                   ;
; LPM_PORT_UPDOWN        ; PORT_UNUSED ; Untyped                                                                   ;
; DEVICE_FAMILY          ; Cyclone III ; Untyped                                                                   ;
; CARRY_CHAIN            ; MANUAL      ; Untyped                                                                   ;
; CARRY_CHAIN_LENGTH     ; 48          ; CARRY_CHAIN_LENGTH                                                        ;
; NOT_GATE_PUSH_BACK     ; ON          ; NOT_GATE_PUSH_BACK                                                        ;
; CARRY_CNT_EN           ; SMART       ; Untyped                                                                   ;
; LABWIDE_SCLR           ; ON          ; Untyped                                                                   ;
; USE_NEW_VERSION        ; TRUE        ; Untyped                                                                   ;
; CBXI_PARAMETER         ; cntr_qtj    ; Untyped                                                                   ;
+------------------------+-------------+---------------------------------------------------------------------------+
Note: In order to hide this table in the UI and the text report file, please set the "Show Parameter Settings in Synthesis Report" option in "Analysis and Synthesis Settings -> More Settings" to "Off".


+-------------------------------------------------------------------------------------------------------------------+
; Parameter Settings for User Entity Instance: newcounter:inst|lpm_compare0:inst1|lpm_compare:LPM_COMPARE_component ;
+------------------------+-------------+----------------------------------------------------------------------------+
; Parameter Name         ; Value       ; Type                                                                       ;
+------------------------+-------------+----------------------------------------------------------------------------+
; lpm_width              ; 19          ; Signed Integer                                                             ;
; LPM_REPRESENTATION     ; UNSIGNED    ; Untyped                                                                    ;
; LPM_PIPELINE           ; 0           ; Untyped                                                                    ;
; CHAIN_SIZE             ; 8           ; Untyped                                                                    ;
; ONE_INPUT_IS_CONSTANT  ; YES         ; Untyped                                                                    ;
; CARRY_CHAIN            ; MANUAL      ; Untyped                                                                    ;
; CASCADE_CHAIN          ; MANUAL      ; Untyped                                                                    ;
; CARRY_CHAIN_LENGTH     ; 48          ; CARRY_CHAIN_LENGTH                                                         ;
; CASCADE_CHAIN_LENGTH   ; 2           ; CASCADE_CHAIN_LENGTH                                                       ;
; DEVICE_FAMILY          ; Cyclone III ; Untyped                                                                    ;
; CBXI_PARAMETER         ; cmpr_fcj    ; Untyped                                                                    ;
; AUTO_CARRY_CHAINS      ; ON          ; AUTO_CARRY                                                                 ;
; IGNORE_CARRY_BUFFERS   ; OFF         ; IGNORE_CARRY                                                               ;
; AUTO_CASCADE_CHAINS    ; ON          ; AUTO_CASCADE                                                               ;
; IGNORE_CASCADE_BUFFERS ; OFF         ; IGNORE_CASCADE                                                             ;
+------------------------+-------------+----------------------------------------------------------------------------+
Note: In order to hide this table in the UI and the text report file, please set the "Show Parameter Settings in Synthesis Report" option in "Analysis and Synthesis Settings -> More Settings" to "Off".


+-----------------------------------------------------------------------------------------------------------------+
; Parameter Settings for User Entity Instance: newcounter:inst|eighteenbit:inst|lpm_counter:LPM_COUNTER_component ;
+------------------------+-------------+--------------------------------------------------------------------------+
; Parameter Name         ; Value       ; Type                                                                     ;
+------------------------+-------------+--------------------------------------------------------------------------+
; AUTO_CARRY_CHAINS      ; ON          ; AUTO_CARRY                                                               ;
; IGNORE_CARRY_BUFFERS   ; OFF         ; IGNORE_CARRY                                                             ;
; AUTO_CASCADE_CHAINS    ; ON          ; AUTO_CASCADE                                                             ;
; IGNORE_CASCADE_BUFFERS ; OFF         ; IGNORE_CASCADE                                                           ;
; LPM_WIDTH              ; 19          ; Signed Integer                                                           ;
; LPM_DIRECTION          ; UP          ; Untyped                                                                  ;
; LPM_MODULUS            ; 0           ; Untyped                                                                  ;
; LPM_AVALUE             ; UNUSED      ; Untyped                                                                  ;
; LPM_SVALUE             ; UNUSED      ; Untyped                                                                  ;
; LPM_PORT_UPDOWN        ; PORT_UNUSED ; Untyped                                                                  ;
; DEVICE_FAMILY          ; Cyclone III ; Untyped                                                                  ;
; CARRY_CHAIN            ; MANUAL      ; Untyped                                                                  ;
; CARRY_CHAIN_LENGTH     ; 48          ; CARRY_CHAIN_LENGTH                                                       ;
; NOT_GATE_PUSH_BACK     ; ON          ; NOT_GATE_PUSH_BACK                                                       ;
; CARRY_CNT_EN           ; SMART       ; Untyped                                                                  ;
; LABWIDE_SCLR           ; ON          ; Untyped                                                                  ;
; USE_NEW_VERSION        ; TRUE        ; Untyped                                                                  ;
; CBXI_PARAMETER         ; cntr_p7i    ; Untyped                                                                  ;
+------------------------+-------------+--------------------------------------------------------------------------+
Note: In order to hide this table in the UI and the text report file, please set the "Show Parameter Settings in Synthesis Report" option in "Analysis and Synthesis Settings -> More Settings" to "Off".


+-------------------------------+
; Elapsed Time Per Partition    ;
+----------------+--------------+
; Partition Name ; Elapsed Time ;
+----------------+--------------+
; Top            ; 00:00:01     ;
+----------------+--------------+


+-------------------------------+
; Analysis & Synthesis Messages ;
+-------------------------------+
Info: *******************************************************************
Info: Running Quartus II 64-Bit Analysis & Synthesis
    Info: Version 13.0.1 Build 232 06/12/2013 Service Pack 1 SJ Full Version
    Info: Processing started: Wed Mar 16 14:41:00 2016
Info: Command: quartus_map --read_settings_files=on --write_settings_files=off stopwatch -c stopwatch
Info (11104): Parallel Compilation has detected 8 hyper-threaded processors. However, the extra hyper-threaded processors will not be used by default. Parallel Compilation will use 4 of the 4 physical processors detected instead.
Info (12021): Found 1 design units, including 1 entities, in source file bcdconverter.v
    Info (12023): Found entity 1: seg7
Info (12021): Found 1 design units, including 1 entities, in source file counter.bdf
    Info (12023): Found entity 1: counter
Info (12021): Found 2 design units, including 1 entities, in source file lpm_counter0.vhd
    Info (12022): Found design unit 1: lpm_counter0-SYN
    Info (12023): Found entity 1: lpm_counter0
Info (12021): Found 2 design units, including 1 entities, in source file lpm_counter1.vhd
    Info (12022): Found design unit 1: lpm_counter1-SYN
    Info (12023): Found entity 1: lpm_counter1
Info (12021): Found 4 design units, including 2 entities, in source file altclkctrl0.vhd
    Info (12022): Found design unit 1: altclkctrl0_altclkctrl_uhi-RTL
    Info (12022): Found design unit 2: altclkctrl0-RTL
    Info (12023): Found entity 1: altclkctrl0_altclkctrl_uhi
    Info (12023): Found entity 2: altclkctrl0
Info (12021): Found 4 design units, including 2 entities, in source file altclkctrl1.vhd
    Info (12022): Found design unit 1: altclkctrl1_altclkctrl_uhi-RTL
    Info (12022): Found design unit 2: altclkctrl1-RTL
    Info (12023): Found entity 1: altclkctrl1_altclkctrl_uhi
    Info (12023): Found entity 2: altclkctrl1
Info (12021): Found 1 design units, including 1 entities, in source file stopwatch.bdf
    Info (12023): Found entity 1: stopwatch
Info (12021): Found 1 design units, including 1 entities, in source file dividebyfive.bdf
    Info (12023): Found entity 1: dividebyfive
Info (12021): Found 4 design units, including 2 entities, in source file altclkctrl2.vhd
    Info (12022): Found design unit 1: altclkctrl2_altclkctrl_uhi-RTL
    Info (12022): Found design unit 2: altclkctrl2-RTL
    Info (12023): Found entity 1: altclkctrl2_altclkctrl_uhi
    Info (12023): Found entity 2: altclkctrl2
Info (12021): Found 1 design units, including 1 entities, in source file stopwatchtimes.bdf
    Info (12023): Found entity 1: stopwatchtimes
Info (12021): Found 4 design units, including 2 entities, in source file altclkctrl3.vhd
    Info (12022): Found design unit 1: altclkctrl3_altclkctrl_uhi-RTL
    Info (12022): Found design unit 2: altclkctrl3-RTL
    Info (12023): Found entity 1: altclkctrl3_altclkctrl_uhi
    Info (12023): Found entity 2: altclkctrl3
Info (12021): Found 2 design units, including 1 entities, in source file lpm_counter2.vhd
    Info (12022): Found design unit 1: lpm_counter2-SYN
    Info (12023): Found entity 1: lpm_counter2
Info (12021): Found 2 design units, including 1 entities, in source file output_files/lpm_counter0.vhd
    Info (12022): Found design unit 1: lpm_counter11-SYN
    Info (12023): Found entity 1: lpm_counter11
Info (12021): Found 2 design units, including 1 entities, in source file output_files/lpm_compare0.vhd
    Info (12022): Found design unit 1: lpm_compare0-SYN
    Info (12023): Found entity 1: lpm_compare0
Info (12021): Found 1 design units, including 1 entities, in source file newcounter.bdf
    Info (12023): Found entity 1: newcounter
Info (12021): Found 2 design units, including 1 entities, in source file eighteenbit.vhd
    Info (12022): Found design unit 1: eighteenbit-SYN
    Info (12023): Found entity 1: eighteenbit
Info (12021): Found 1 design units, including 1 entities, in source file bcdconverter2.v
    Info (12023): Found entity 1: decode_7segment
Info (12021): Found 1 design units, including 1 entities, in source file jklatch.bdf
    Info (12023): Found entity 1: jklatch
Info (12127): Elaborating entity "stopwatchtimes" for the top level hierarchy
Info (12128): Elaborating entity "decode_7segment" for hierarchy "decode_7segment:inst3"
Info (12128): Elaborating entity "counter" for hierarchy "counter:inst40"
Info (12128): Elaborating entity "lpm_counter2" for hierarchy "counter:inst40|lpm_counter2:inst1"
Info (12128): Elaborating entity "lpm_counter" for hierarchy "counter:inst40|lpm_counter2:inst1|lpm_counter:LPM_COUNTER_component"
Info (12130): Elaborated megafunction instantiation "counter:inst40|lpm_counter2:inst1|lpm_counter:LPM_COUNTER_component"
Info (12133): Instantiated megafunction "counter:inst40|lpm_counter2:inst1|lpm_counter:LPM_COUNTER_component" with the following parameter:
    Info (12134): Parameter "lpm_direction" = "UP"
    Info (12134): Parameter "lpm_port_updown" = "PORT_UNUSED"
    Info (12134): Parameter "lpm_type" = "LPM_COUNTER"
    Info (12134): Parameter "lpm_width" = "4"
Info (12021): Found 1 design units, including 1 entities, in source file db/cntr_qtj.tdf
    Info (12023): Found entity 1: cntr_qtj
Info (12128): Elaborating entity "cntr_qtj" for hierarchy "counter:inst40|lpm_counter2:inst1|lpm_counter:LPM_COUNTER_component|cntr_qtj:auto_generated"
Info (12128): Elaborating entity "newcounter" for hierarchy "newcounter:inst"
Info (12128): Elaborating entity "lpm_compare0" for hierarchy "newcounter:inst|lpm_compare0:inst1"
Info (12128): Elaborating entity "lpm_compare" for hierarchy "newcounter:inst|lpm_compare0:inst1|lpm_compare:LPM_COMPARE_component"
Info (12130): Elaborated megafunction instantiation "newcounter:inst|lpm_compare0:inst1|lpm_compare:LPM_COMPARE_component"
Info (12133): Instantiated megafunction "newcounter:inst|lpm_compare0:inst1|lpm_compare:LPM_COMPARE_component" with the following parameter:
    Info (12134): Parameter "lpm_hint" = "ONE_INPUT_IS_CONSTANT=YES"
    Info (12134): Parameter "lpm_representation" = "UNSIGNED"
    Info (12134): Parameter "lpm_type" = "LPM_COMPARE"
    Info (12134): Parameter "lpm_width" = "19"
Info (12021): Found 1 design units, including 1 entities, in source file db/cmpr_fcj.tdf
    Info (12023): Found entity 1: cmpr_fcj
Info (12128): Elaborating entity "cmpr_fcj" for hierarchy "newcounter:inst|lpm_compare0:inst1|lpm_compare:LPM_COMPARE_component|cmpr_fcj:auto_generated"
Info (12128): Elaborating entity "eighteenbit" for hierarchy "newcounter:inst|eighteenbit:inst"
Info (12128): Elaborating entity "lpm_counter" for hierarchy "newcounter:inst|eighteenbit:inst|lpm_counter:LPM_COUNTER_component"
Info (12130): Elaborated megafunction instantiation "newcounter:inst|eighteenbit:inst|lpm_counter:LPM_COUNTER_component"
Info (12133): Instantiated megafunction "newcounter:inst|eighteenbit:inst|lpm_counter:LPM_COUNTER_component" with the following parameter:
    Info (12134): Parameter "lpm_direction" = "UP"
    Info (12134): Parameter "lpm_port_updown" = "PORT_UNUSED"
    Info (12134): Parameter "lpm_type" = "LPM_COUNTER"
    Info (12134): Parameter "lpm_width" = "19"
Info (12021): Found 1 design units, including 1 entities, in source file db/cntr_p7i.tdf
    Info (12023): Found entity 1: cntr_p7i
Info (12128): Elaborating entity "cntr_p7i" for hierarchy "newcounter:inst|eighteenbit:inst|lpm_counter:LPM_COUNTER_component|cntr_p7i:auto_generated"
Info (12128): Elaborating entity "altclkctrl2" for hierarchy "altclkctrl2:inst5"
Info (12128): Elaborating entity "altclkctrl2_altclkctrl_uhi" for hierarchy "altclkctrl2:inst5|altclkctrl2_altclkctrl_uhi:altclkctrl2_altclkctrl_uhi_component"
Warning (13024): Output pins are stuck at VCC or GND
    Warning (13410): Pin "Decimal" is stuck at GND
Info (286030): Timing-Driven Synthesis is running
Info (144001): Generated suppressed messages file /FPGA_NEW/documents-export-2016-03-11/stop_watchfinal/stopwatch_new/stopwatch/output_files/stopwatch.map.smsg
Info (16010): Generating hard_block partition "hard_block:auto_generated_inst"
    Info (16011): Adding 0 node(s), including 0 DDIO, 0 PLL, 0 transceiver and 0 LCELL
Info (21057): Implemented 140 device resources after synthesis - the final resource count might be different
    Info (21058): Implemented 4 input pins
    Info (21059): Implemented 29 output pins
    Info (21061): Implemented 106 logic cells
Info: Quartus II 64-Bit Analysis & Synthesis was successful. 0 errors, 2 warnings
    Info: Peak virtual memory: 528 megabytes
    Info: Processing ended: Wed Mar 16 14:41:14 2016
    Info: Elapsed time: 00:00:14
    Info: Total CPU time (on all processors): 00:00:05


+------------------------------------------+
; Analysis & Synthesis Suppressed Messages ;
+------------------------------------------+
The suppressed messages can be found in /FPGA_NEW/documents-export-2016-03-11/stop_watchfinal/stopwatch_new/stopwatch/output_files/stopwatch.map.smsg.


